[INFO] Scanning for projects...
[INFO] 
[INFO] -----------------< com.leilao:arremateai-userprofile >------------------
[INFO] Building arremateai-userprofile 0.0.1-SNAPSHOT
[INFO]   from pom.xml
[INFO] --------------------------------[ jar ]---------------------------------
[INFO] 
[INFO] >>> spring-boot:3.2.2:run (default-cli) > test-compile @ arremateai-userprofile >>>
[INFO] 
[INFO] --- resources:3.3.1:resources (default-resources) @ arremateai-userprofile ---
[INFO] Copying 1 resource from src\main\resources to target\classes
[INFO] Copying 0 resource from src\main\resources to target\classes
[INFO] 
[INFO] --- compiler:3.11.0:compile (default-compile) @ arremateai-userprofile ---
[INFO] Nothing to compile - all classes are up to date
[INFO] 
[INFO] --- resources:3.3.1:testResources (default-testResources) @ arremateai-userprofile ---
[INFO] skip non existing resourceDirectory C:\Projetos\arremateai-userprofile\src\test\resources
[INFO] 
[INFO] --- compiler:3.11.0:testCompile (default-testCompile) @ arremateai-userprofile ---
[INFO] No sources to compile
[INFO] 
[INFO] <<< spring-boot:3.2.2:run (default-cli) < test-compile @ arremateai-userprofile <<<
[INFO] 
[INFO] 
[INFO] --- spring-boot:3.2.2:run (default-cli) @ arremateai-userprofile ---
[INFO] Attaching agents: []

  .   ____          _            __ _ _
 /\\ / ___'_ __ _ _(_)_ __  __ _ \ \ \ \
( ( )\___ | '_ | '_| | '_ \/ _` | \ \ \ \
 \\/  ___)| |_)| | | | | || (_| |  ) ) ) )
  '  |____| .__|_| |_|_| |_\__, | / / / /
 =========|_|==============|___/=/_/_/_/
 :: Spring Boot ::                (v3.2.2)

2026-03-17T11:49:34.921-03:00  INFO 36836 --- [           main] c.l.userprofile.UserProfileApplication   : Starting UserProfileApplication using Java 17.0.18 with PID 36836 (C:\Projetos\arremateai-userprofile\target\classes started by gabri in C:\Projetos\arremateai-userprofile)
2026-03-17T11:49:34.921-03:00  INFO 36836 --- [           main] c.l.userprofile.UserProfileApplication   : No active profile set, falling back to 1 default profile: "default"
2026-03-17T11:49:35.941-03:00  INFO 36836 --- [           main] .s.d.r.c.RepositoryConfigurationDelegate : Bootstrapping Spring Data JPA repositories in DEFAULT mode.
2026-03-17T11:49:36.009-03:00  INFO 36836 --- [           main] .s.d.r.c.RepositoryConfigurationDelegate : Finished Spring Data repository scanning in 48 ms. Found 1 JPA repository interface.
2026-03-17T11:49:36.928-03:00  INFO 36836 --- [           main] o.s.b.w.embedded.tomcat.TomcatWebServer  : Tomcat initialized with port 8085 (http)
2026-03-17T11:49:36.954-03:00  INFO 36836 --- [           main] o.apache.catalina.core.StandardService   : Starting service [Tomcat]
2026-03-17T11:49:36.954-03:00  INFO 36836 --- [           main] o.apache.catalina.core.StandardEngine    : Starting Servlet engine: [Apache Tomcat/10.1.18]
2026-03-17T11:49:37.034-03:00  INFO 36836 --- [           main] o.a.c.c.C.[Tomcat].[localhost].[/]       : Initializing Spring embedded WebApplicationContext
2026-03-17T11:49:37.035-03:00  INFO 36836 --- [           main] w.s.c.ServletWebServerApplicationContext : Root WebApplicationContext: initialization completed in 2063 ms
2026-03-17T11:49:37.342-03:00  INFO 36836 --- [           main] o.hibernate.jpa.internal.util.LogHelper  : HHH000204: Processing PersistenceUnitInfo [name: default]
2026-03-17T11:49:37.422-03:00  INFO 36836 --- [           main] org.hibernate.Version                    : HHH000412: Hibernate ORM core version 6.4.1.Final
2026-03-17T11:49:37.475-03:00  INFO 36836 --- [           main] o.h.c.internal.RegionFactoryInitiator    : HHH000026: Second-level cache disabled
2026-03-17T11:49:37.755-03:00  INFO 36836 --- [           main] o.s.o.j.p.SpringPersistenceUnitInfo      : No LoadTimeWeaver setup: ignoring JPA class transformer
2026-03-17T11:49:37.795-03:00  INFO 36836 --- [           main] com.zaxxer.hikari.HikariDataSource       : HikariPool-1 - Starting...
2026-03-17T11:49:37.979-03:00  INFO 36836 --- [           main] com.zaxxer.hikari.pool.HikariPool        : HikariPool-1 - Added connection org.postgresql.jdbc.PgConnection@39a8e2fa
2026-03-17T11:49:37.982-03:00  INFO 36836 --- [           main] com.zaxxer.hikari.HikariDataSource       : HikariPool-1 - Start completed.
2026-03-17T11:49:38.022-03:00  WARN 36836 --- [           main] org.hibernate.orm.deprecation            : HHH90000025: PostgreSQLDialect does not need to be specified explicitly using 'hibernate.dialect' (remove the property setting and it will be selected by default)
2026-03-17T11:49:39.120-03:00  INFO 36836 --- [           main] o.h.e.t.j.p.i.JtaPlatformInitiator       : HHH000489: No JTA platform available (set 'hibernate.transaction.jta.platform' to enable JTA platform integration)
2026-03-17T11:49:39.123-03:00  INFO 36836 --- [           main] j.LocalContainerEntityManagerFactoryBean : Initialized JPA EntityManagerFactory for persistence unit 'default'
2026-03-17T11:49:39.540-03:00  WARN 36836 --- [           main] JpaBaseConfiguration$JpaWebConfiguration : spring.jpa.open-in-view is enabled by default. Therefore, database queries may be performed during view rendering. Explicitly configure spring.jpa.open-in-view to disable this warning
2026-03-17T11:49:40.155-03:00  INFO 36836 --- [           main] o.s.b.a.e.web.EndpointLinksResolver      : Exposing 1 endpoint(s) beneath base path '/actuator'
2026-03-17T11:49:40.243-03:00  INFO 36836 --- [           main] o.s.b.w.embedded.tomcat.TomcatWebServer  : Tomcat started on port 8085 (http) with context path ''
2026-03-17T11:49:40.256-03:00  INFO 36836 --- [           main] c.l.userprofile.UserProfileApplication   : Started UserProfileApplication in 5.728 seconds (process running for 6.097)
2026-03-17T11:49:55.356-03:00  INFO 36836 --- [nio-8085-exec-1] o.a.c.c.C.[Tomcat].[localhost].[/]       : Initializing Spring DispatcherServlet 'dispatcherServlet'
2026-03-17T11:49:55.356-03:00  INFO 36836 --- [nio-8085-exec-1] o.s.web.servlet.DispatcherServlet        : Initializing Servlet 'dispatcherServlet'
2026-03-17T11:49:55.357-03:00  INFO 36836 --- [nio-8085-exec-1] o.s.web.servlet.DispatcherServlet        : Completed initialization in 1 ms
